{"/Users/rk/Desktop/pdf-viewer/react-pdf-viewer/src/components/PdfViewer.tsx": {"path":"/Users/rk/Desktop/pdf-viewer/react-pdf-viewer/src/components/PdfViewer.tsx","statementMap":{"0":{"start":{"line":1,"column":0},"end":{"line":1,"column":33}},"1":{"start":{"line":2,"column":0},"end":{"line":2,"column":25}},"2":{"start":{"line":6,"column":18},"end":{"line":118,"column":1}},"3":{"start":{"line":8,"column":32},"end":{"line":8,"column":61}},"4":{"start":{"line":10,"column":34},"end":{"line":10,"column":61}},"5":{"start":{"line":12,"column":44},"end":{"line":12,"column":73}},"6":{"start":{"line":14,"column":34},"end":{"line":14,"column":49}},"7":{"start":{"line":16,"column":30},"end":{"line":16,"column":59}},"8":{"start":{"line":18,"column":29},"end":{"line":35,"column":5}},"9":{"start":{"line":19,"column":21},"end":{"line":19,"column":40}},"10":{"start":{"line":22,"column":8},"end":{"line":34,"column":9}},"11":{"start":{"line":23,"column":12},"end":{"line":23,"column":49}},"12":{"start":{"line":24,"column":12},"end":{"line":24,"column":35}},"13":{"start":{"line":25,"column":12},"end":{"line":25,"column":29}},"14":{"start":{"line":26,"column":12},"end":{"line":26,"column":34}},"15":{"start":{"line":27,"column":12},"end":{"line":27,"column":27}},"16":{"start":{"line":30,"column":12},"end":{"line":30,"column":28}},"17":{"start":{"line":31,"column":12},"end":{"line":31,"column":29}},"18":{"start":{"line":32,"column":12},"end":{"line":32,"column":34}},"19":{"start":{"line":33,"column":12},"end":{"line":33,"column":56}},"20":{"start":{"line":39,"column":26},"end":{"line":68,"column":6}},"21":{"start":{"line":39,"column":37},"end":{"line":68,"column":6}},"22":{"start":{"line":40,"column":8},"end":{"line":40,"column":29}},"23":{"start":{"line":40,"column":22},"end":{"line":40,"column":29}},"24":{"start":{"line":41,"column":8},"end":{"line":41,"column":25}},"25":{"start":{"line":42,"column":8},"end":{"line":42,"column":23}},"26":{"start":{"line":44,"column":8},"end":{"line":67,"column":9}},"27":{"start":{"line":45,"column":29},"end":{"line":45,"column":43}},"28":{"start":{"line":46,"column":12},"end":{"line":46,"column":45}},"29":{"start":{"line":47,"column":29},"end":{"line":53,"column":14}},"30":{"start":{"line":55,"column":12},"end":{"line":55,"column":68}},"31":{"start":{"line":55,"column":30},"end":{"line":55,"column":68}},"32":{"start":{"line":56,"column":25},"end":{"line":56,"column":46}},"33":{"start":{"line":57,"column":12},"end":{"line":57,"column":55}},"34":{"start":{"line":60,"column":12},"end":{"line":64,"column":13}},"35":{"start":{"line":61,"column":16},"end":{"line":61,"column":61}},"36":{"start":{"line":63,"column":16},"end":{"line":63,"column":46}},"37":{"start":{"line":66,"column":12},"end":{"line":66,"column":30}},"38":{"start":{"line":74,"column":4},"end":{"line":117,"column":6}},"39":{"start":{"line":120,"column":0},"end":{"line":120,"column":25}}},"fnMap":{"0":{"name":"(anonymous_7)","decl":{"start":{"line":6,"column":18},"end":{"line":6,"column":21}},"loc":{"start":{"line":6,"column":23},"end":{"line":118,"column":1}}},"1":{"name":"(anonymous_8)","decl":{"start":{"line":18,"column":29},"end":{"line":18,"column":30}},"loc":{"start":{"line":18,"column":72},"end":{"line":35,"column":5}}},"2":{"name":"(anonymous_9)","decl":{"start":{"line":39,"column":26},"end":{"line":39,"column":35}},"loc":{"start":{"line":39,"column":37},"end":{"line":68,"column":6}}},"3":{"name":"(anonymous_10)","decl":{"start":{"line":39,"column":37},"end":{"line":39,"column":null}},"loc":{"start":{"line":39,"column":37},"end":{"line":68,"column":5}}}},"branchMap":{"0":{"loc":{"start":{"line":19,"column":21},"end":{"line":19,"column":40}},"type":"cond-expr","locations":[{"start":{"line":19,"column":35},"end":{"line":19,"column":38}},{"start":{"line":19,"column":35},"end":{"line":19,"column":40}}]},"1":{"loc":{"start":{"line":19,"column":21},"end":{"line":19,"column":38}},"type":"binary-expr","locations":[{"start":{"line":19,"column":21},"end":{"line":19,"column":38}},{"start":{"line":19,"column":35},"end":{"line":19,"column":38}}]},"2":{"loc":{"start":{"line":22,"column":8},"end":{"line":34,"column":9}},"type":"if","locations":[{"start":{"line":22,"column":8},"end":{"line":34,"column":9}},{"start":{"line":29,"column":15},"end":{"line":34,"column":9}}]},"3":{"loc":{"start":{"line":22,"column":12},"end":{"line":22,"column":51}},"type":"binary-expr","locations":[{"start":{"line":22,"column":12},"end":{"line":22,"column":16}},{"start":{"line":22,"column":20},"end":{"line":22,"column":51}}]},"4":{"loc":{"start":{"line":40,"column":8},"end":{"line":40,"column":29}},"type":"if","locations":[{"start":{"line":40,"column":8},"end":{"line":40,"column":29}},{"start":{},"end":{}}]},"5":{"loc":{"start":{"line":55,"column":12},"end":{"line":55,"column":68}},"type":"if","locations":[{"start":{"line":55,"column":12},"end":{"line":55,"column":68}},{"start":{},"end":{}}]},"6":{"loc":{"start":{"line":60,"column":12},"end":{"line":64,"column":13}},"type":"if","locations":[{"start":{"line":60,"column":12},"end":{"line":64,"column":13}},{"start":{"line":62,"column":19},"end":{"line":64,"column":13}}]},"7":{"loc":{"start":{"line":61,"column":25},"end":{"line":61,"column":59}},"type":"binary-expr","locations":[{"start":{"line":61,"column":25},"end":{"line":61,"column":36}},{"start":{"line":61,"column":40},"end":{"line":61,"column":59}}]},"8":{"loc":{"start":{"line":83,"column":13},"end":{"line":97,"column":null}},"type":"binary-expr","locations":[{"start":{"line":83,"column":13},"end":{"line":83,"column":19}},{"start":{"line":83,"column":23},"end":{"line":83,"column":36}},{"start":{"line":84,"column":16},"end":{"line":96,"column":null}}]},"9":{"loc":{"start":{"line":95,"column":25},"end":{"line":95,"column":60}},"type":"cond-expr","locations":[{"start":{"line":95,"column":35},"end":{"line":95,"column":47}},{"start":{"line":95,"column":50},"end":{"line":95,"column":60}}]},"10":{"loc":{"start":{"line":99,"column":13},"end":{"line":113,"column":null}},"type":"binary-expr","locations":[{"start":{"line":99,"column":13},"end":{"line":99,"column":25}},{"start":{"line":100,"column":16},"end":{"line":112,"column":null}}]},"11":{"loc":{"start":{"line":115,"column":13},"end":{"line":115,"column":62}},"type":"binary-expr","locations":[{"start":{"line":115,"column":13},"end":{"line":115,"column":18}},{"start":{"line":115,"column":22},"end":{"line":115,"column":62}}]}},"s":{"0":1,"1":1,"2":1,"3":5,"4":5,"5":5,"6":5,"7":5,"8":5,"9":2,"10":2,"11":1,"12":1,"13":1,"14":1,"15":1,"16":1,"17":1,"18":1,"19":1,"20":5,"21":0,"22":0,"23":0,"24":0,"25":0,"26":0,"27":0,"28":0,"29":0,"30":0,"31":0,"32":0,"33":0,"34":0,"35":0,"36":0,"37":0,"38":5,"39":1},"f":{"0":5,"1":2,"2":0,"3":0},"b":{"0":[0,2],"1":[2,2],"2":[1,1],"3":[2,2],"4":[0,0],"5":[0,0],"6":[0,0],"7":[0,0],"8":[5,1,1],"9":[0,1],"10":[5,0],"11":[5,1]}}
}
