TN:
SF:src/components/PdfViewer.tsx
FN:6,(anonymous_7)
FN:18,(anonymous_8)
FN:39,(anonymous_9)
FN:39,(anonymous_10)
FNF:4
FNH:2
FNDA:5,(anonymous_7)
FNDA:2,(anonymous_8)
FNDA:0,(anonymous_9)
FNDA:0,(anonymous_10)
DA:1,1
DA:2,1
DA:6,1
DA:8,5
DA:10,5
DA:12,5
DA:14,5
DA:16,5
DA:18,5
DA:19,2
DA:22,2
DA:23,1
DA:24,1
DA:25,1
DA:26,1
DA:27,1
DA:30,1
DA:31,1
DA:32,1
DA:33,1
DA:39,5
DA:40,0
DA:41,0
DA:42,0
DA:44,0
DA:45,0
DA:46,0
DA:47,0
DA:55,0
DA:56,0
DA:57,0
DA:60,0
DA:61,0
DA:63,0
DA:66,0
DA:74,5
DA:120,1
LF:37
LH:23
BRDA:19,0,0,0
BRDA:19,0,1,2
BRDA:19,1,0,2
BRDA:19,1,1,2
BRDA:22,2,0,1
BRDA:22,2,1,1
BRDA:22,3,0,2
BRDA:22,3,1,2
BRDA:40,4,0,0
BRDA:40,4,1,0
BRDA:55,5,0,0
BRDA:55,5,1,0
BRDA:60,6,0,0
BRDA:60,6,1,0
BRDA:61,7,0,0
BRDA:61,7,1,0
BRDA:83,8,0,5
BRDA:83,8,1,1
BRDA:83,8,2,1
BRDA:95,9,0,0
BRDA:95,9,1,1
BRDA:99,10,0,5
BRDA:99,10,1,0
BRDA:115,11,0,5
BRDA:115,11,1,1
BRF:25
BRH:14
end_of_record
